[INFO] 실행 중: /WORK/laygo_web_console/Implementation_linux/temp_code/jeyunp_tinv_small_temp.py
[DEBUG] 현재실행경로: 
/WORK/laygo_web_console/Implementation_linux/server
USERNAME: jeyunp
FILENAME: tinv_small
RUNDIR: /WORK/laygo_web_console/Implementation_linux/server
CODE_PATH: /WORK/laygo_web_console/Implementation_linux/temp_code/jeyunp_tinv_small_temp.py
Load templates
Load grids
--------------------
Creating tinv_small_1x
Create instances
Create wires
=========== SUPPLY RAIL GENERATION START ===========

The number of rails of your design is 1.
The number of pins of your design is 2.

Iterated nets:
0. "VSS"
1. "VDD"

============ SUPPLY RAIL GENERATION END ============
Export design

webconsole mode
--------------------
Creating tinv_small_layvar_prtrackswap_1x
Create instances
Create wires
=========== SUPPLY RAIL GENERATION START ===========

The number of rails of your design is 1.
The number of pins of your design is 2.

Iterated nets:
0. "VSS"
1. "VDD"

============ SUPPLY RAIL GENERATION END ============
Export design

webconsole mode
