[INFO] 실행 중: /mnt/c/For_english_only_directories/LaygoWebConsole/laygo_web_console/jeyun/temp_code/jeyunp_nand_temp.py
[DEBUG] 현재실행경로: 
/mnt/c/For_english_only_directories/LaygoWebConsole/bag_workspace_gpdk045
Load templates
Load grids
--------------------
Creating nand_2x
Create instances
Create wires
=========== SUPPLY RAIL GENERATION START ===========

The number of rails of your design is 1.
The number of pins of your design is 2.

Name of Iterated net:
0. "VSS"
1. "VDD"

============ SUPPLY RAIL GENERATION END ============
Export design

Load templates
Load grids
--------------------
Creating nand_2x
Create instances
Create wires
=========== SUPPLY RAIL GENERATION START ===========

The number of rails of your design is 1.
The number of pins of your design is 2.

Name of Iterated net:
0. "VSS"
1. "VDD"

============ SUPPLY RAIL GENERATION END ============
Export design

Traceback (most recent call last):
  File "/mnt/c/For_english_only_directories/LaygoWebConsole/laygo_web_console/jeyun/temp_code/jeyunp_nand_temp.py", line 126, in <module>
    laygo2.export(lib, tech=tech, filename=export_path_skill+libname+'_'+cellname+'.il')
  File "/mnt/c/For_english_only_directories/LaygoWebConsole/bag_workspace_gpdk045/laygo2/laygo2/interface/core.py", line 137, in export
    return bag.export(
  File "/mnt/c/For_english_only_directories/LaygoWebConsole/bag_workspace_gpdk045/laygo2/laygo2/interface/bag.py", line 252, in export
    prj = BagSession.get_prj()
  File "/mnt/c/For_english_only_directories/LaygoWebConsole/bag_workspace_gpdk045/laygo2/laygo2/interface/bag.py", line 330, in get_prj
    import bag
ModuleNotFoundError: No module named 'bag'
Traceback (most recent call last):
  File "/mnt/c/For_english_only_directories/LaygoWebConsole/laygo_web_console/jeyun/temp_code/jeyunp_nand_temp.py", line 126, in <module>
    laygo2.export(lib, tech=tech, filename=export_path_skill+libname+'_'+cellname+'.il')
  File "/mnt/c/For_english_only_directories/LaygoWebConsole/bag_workspace_gpdk045/laygo2/laygo2/interface/core.py", line 137, in export
    return bag.export(
  File "/mnt/c/For_english_only_directories/LaygoWebConsole/bag_workspace_gpdk045/laygo2/laygo2/interface/bag.py", line 252, in export
    prj = BagSession.get_prj()
  File "/mnt/c/For_english_only_directories/LaygoWebConsole/bag_workspace_gpdk045/laygo2/laygo2/interface/bag.py", line 330, in get_prj
    import bag
ModuleNotFoundError: No module named 'bag'
